
Correlazione PM10 vs Pioggia
Spearman rho: -0.383, p-value: ****

Correlazione PM10 vs Temperatura
Spearman rho: 0.504, p-value: ****
                            OLS Regression Results                            
==============================================================================
Dep. Variable:                   PM10   R-squared:                       0.399
Model:                            OLS   Adj. R-squared:                  0.396
Method:                 Least Squares   F-statistic:                     118.0
Date:                Fri, 28 Mar 2025   Prob (F-statistic):           5.05e-40
Time:                        22:24:56   Log-Likelihood:                -1478.0
No. Observations:                 358   AIC:                             2962.
Df Residuals:                     355   BIC:                             2974.
Df Model:                           2                                         
Covariance Type:            nonrobust                                         
===============================================================================
                  coef    std err          t      P>|t|      [0.025      0.975]
-------------------------------------------------------------------------------
const          17.6618      1.223     14.445      0.000      15.257      20.067
Pioggia        -8.5261      1.803     -4.729      0.000     -12.072      -4.980
Temperatura    22.0809      1.701     12.982      0.000      18.736      25.426
==============================================================================
Omnibus:                       19.727   Durbin-Watson:                   0.592
Prob(Omnibus):                  0.000   Jarque-Bera (JB):               29.705
Skew:                           0.399   Prob(JB):                     3.54e-07
Kurtosis:                       4.164   Cond. No.                         3.10
==============================================================================

Notes:
[1] Standard Errors assume that the covariance matrix of the errors is correctly specified.


Cross-correlation function PM10 vs Pioggia
[-0.3454879  -0.41629559 -0.37595732 -0.3160609  -0.26013115 -0.23010876
 -0.20969842 -0.16668853 -0.13824777 -0.14103493 -0.16376346 -0.16965715
 -0.13677531 -0.12653547 -0.1273687  -0.10629571 -0.0758401  -0.0599179
 -0.04434825 -0.052261   -0.0510403  -0.04147781 -0.06116159 -0.09742178
 -0.10197    -0.09628048 -0.08298747 -0.08997788 -0.07074116 -0.06607231
 -0.04870505 -0.06311196 -0.06592475 -0.04954118 -0.03262984 -0.02657265
 -0.00295788  0.01778106  0.03596518  0.0510058   0.05272233]


Cross-correlation function PM10 vs Temperatura
[0.60591095 0.61588744 0.59786653 0.58284585 0.57404593 0.56355133
 0.56247229 0.55358554 0.54792735 0.54328853 0.54250371 0.53437909
 0.51035287 0.49670368 0.48276026 0.47386869 0.48183538 0.47332487
 0.45750027 0.44497497 0.42675146]
